#-----------------------------------------------------------
# Vivado v2020.2 (64-bit)
# SW Build 3064766 on Wed Nov 18 09:12:45 MST 2020
# IP Build 3064653 on Wed Nov 18 14:17:31 MST 2020
# Start of session at: Wed Dec 18 02:56:24 2024
# Process ID: 17072
# Current directory: D:/DX2201_lucre/DAC
# Command line: vivado.exe -gui_launcher_event rodinguilauncherevent22064 D:\DX2201_lucre\DAC\DAC.xpr
# Log file: D:/DX2201_lucre/DAC/vivado.log
# Journal file: D:/DX2201_lucre/DAC\vivado.jou
#-----------------------------------------------------------
start_gui
open_project D:/DX2201_lucre/DAC/DAC.xpr
Scanning sources...
Finished scanning sources
INFO: [IP_Flow 19-234] Refreshing IP repositories
INFO: [IP_Flow 19-1704] No user IP repositories specified
INFO: [IP_Flow 19-2313] Loaded Vivado IP repository 'E:/Xilink/Vivado/2020.2/data/ip'.
open_project: Time (s): cpu = 00:00:03 ; elapsed = 00:00:06 . Memory (MB): peak = 1109.824 ; gain = 0.000
update_compile_order -fileset sources_1
exit
INFO: [Common 17-206] Exiting Vivado at Wed Dec 18 02:57:41 2024...
