Copyright 1986-2020 Xilinx, Inc. All Rights Reserved.
------------------------------------------------------------------------------------
| Tool Version : Vivado v.2020.2 (win64) Build 3064766 Wed Nov 18 09:12:45 MST 2020
| Date         : Thu Dec 19 22:20:14 2024
| Host         : lucre running 64-bit major release  (build 9200)
| Command      : report_control_sets -verbose -file DAC_control_sets_placed.rpt
| Design       : DAC
| Device       : xc7z020
------------------------------------------------------------------------------------

Control Set Information

Table of Contents
-----------------
1. Summary
2. Histogram
3. Flip-Flop Distribution
4. Detailed Control Set Information

1. Summary
----------

+----------------------------------------------------------+-------+
|                          Status                          | Count |
+----------------------------------------------------------+-------+
| Total control sets                                       |     7 |
|    Minimum number of control sets                        |     7 |
|    Addition due to synthesis replication                 |     0 |
|    Addition due to physical synthesis replication        |     0 |
| Unused register locations in slices containing registers |    38 |
+----------------------------------------------------------+-------+
* Control sets can be merged at opt_design using control_set_merge or merge_equivalent_drivers
** Run report_qor_suggestions for automated merging and remapping suggestions


2. Histogram
------------

+--------------------+-------+
|       Fanout       | Count |
+--------------------+-------+
| Total control sets |     7 |
| >= 0 to < 4        |     3 |
| >= 4 to < 6        |     0 |
| >= 6 to < 8        |     0 |
| >= 8 to < 10       |     0 |
| >= 10 to < 12      |     0 |
| >= 12 to < 14      |     1 |
| >= 14 to < 16      |     1 |
| >= 16              |     2 |
+--------------------+-------+
* Control sets can be remapped at either synth_design or opt_design


3. Flip-Flop Distribution
-------------------------

+--------------+-----------------------+------------------------+-----------------+--------------+
| Clock Enable | Synchronous Set/Reset | Asynchronous Set/Reset | Total Registers | Total Slices |
+--------------+-----------------------+------------------------+-----------------+--------------+
| No           | No                    | No                     |              29 |           13 |
| No           | No                    | Yes                    |               0 |            0 |
| No           | Yes                   | No                     |              53 |           19 |
| Yes          | No                    | No                     |               0 |            0 |
| Yes          | No                    | Yes                    |               0 |            0 |
| Yes          | Yes                   | No                     |               0 |            0 |
+--------------+-----------------------+------------------------+-----------------+--------------+


4. Detailed Control Set Information
-----------------------------------

+--------------------+---------------+----------------------------+------------------+----------------+--------------+
|    Clock Signal    | Enable Signal |      Set/Reset Signal      | Slice Load Count | Bel Load Count | Bels / Slice |
+--------------------+---------------+----------------------------+------------------+----------------+--------------+
|  led0_reg_i_2_n_0  |               |                            |                1 |              1 |         1.00 |
|  led2_reg_i_2_n_0  |               |                            |                1 |              1 |         1.00 |
|  led1_reg_i_2_n_0  |               |                            |                1 |              1 |         1.00 |
|  wrt_out_OBUF_BUFG |               | jc_inst/cnt[13]_i_1__0_n_0 |                4 |             13 |         3.25 |
|  wrt_out_OBUF_BUFG |               | stop                       |                8 |             14 |         1.75 |
|  wrt_out_OBUF_BUFG |               |                            |               10 |             26 |         2.60 |
|  wrt_out_OBUF_BUFG |               | led_inst/clear             |                7 |             26 |         3.71 |
+--------------------+---------------+----------------------------+------------------+----------------+--------------+


